TN:
SF:/Users/Aidsn/quantum-entanglement/server/server.js
FN:4,createServer
FN:5,(anonymous_1)
FN:7,(anonymous_2)
FN:23,(anonymous_3)
FN:26,(anonymous_4)
FN:34,(anonymous_5)
FN:37,(anonymous_6)
FN:40,(anonymous_7)
FN:44,(anonymous_8)
FN:49,(anonymous_9)
FN:57,(anonymous_10)
FNF:11
FNH:11
FNDA:1,createServer
FNDA:2,(anonymous_1)
FNDA:2,(anonymous_2)
FNDA:2,(anonymous_3)
FNDA:1,(anonymous_4)
FNDA:1,(anonymous_5)
FNDA:1,(anonymous_6)
FNDA:1,(anonymous_7)
FNDA:2,(anonymous_8)
FNDA:3,(anonymous_9)
FNDA:1,(anonymous_10)
DA:2,1
DA:5,1
DA:7,2
DA:8,2
DA:9,2
DA:10,2
DA:11,2
DA:12,1
DA:13,1
DA:15,1
DA:16,1
DA:17,1
DA:18,1
DA:19,1
DA:21,1
DA:23,2
DA:24,2
DA:26,2
DA:28,1
DA:29,1
DA:30,1
DA:31,1
DA:32,1
DA:34,2
DA:35,1
DA:37,2
DA:38,1
DA:40,2
DA:41,1
DA:42,1
DA:44,2
DA:45,2
DA:46,2
DA:49,3
DA:50,2
DA:51,2
DA:52,1
DA:53,1
DA:57,2
DA:59,1
DA:62,1
DA:65,1
LF:42
LH:42
BRDA:11,0,0,1
BRDA:11,0,1,1
BRDA:45,1,0,2
BRDA:45,1,1,0
BRDA:49,2,0,2
BRDA:49,2,1,1
BRDA:51,3,0,1
BRDA:51,3,1,1
BRDA:52,4,0,0
BRDA:52,4,1,1
BRF:10
BRH:8
end_of_record
