TN:
SF:/Users/Aidan/quantum-entanglement/lib/alert.js
FN:3,createAlert
FNF:1
FNH:1
FNDA:1,createAlert
DA:5,1
DA:6,1
DA:8,1
DA:9,1
DA:10,1
DA:11,1
DA:12,1
DA:13,1
DA:14,1
DA:15,1
DA:16,1
DA:17,1
DA:18,1
DA:19,1
DA:20,1
DA:21,1
DA:22,1
DA:25,1
LF:18
LH:18
BRF:0
BRH:0
end_of_record
TN:
SF:/Users/Aidan/quantum-entanglement/lib/confirm.js
FN:3,createConfirmAlert
FNF:1
FNH:1
FNDA:1,createConfirmAlert
DA:5,1
DA:6,1
DA:8,1
DA:9,1
DA:10,1
DA:11,1
DA:12,1
DA:13,1
DA:14,1
DA:15,1
DA:16,1
DA:17,1
DA:18,1
DA:19,1
DA:20,1
DA:21,1
DA:22,1
DA:23,1
DA:26,1
LF:19
LH:19
BRF:0
BRH:0
end_of_record
TN:
SF:/Users/Aidan/quantum-entanglement/lib/connect.js
FN:4,(anonymous_0)
FN:13,(anonymous_1)
FN:14,(anonymous_2)
FN:20,(anonymous_3)
FN:25,(anonymous_4)
FN:26,(anonymous_5)
FN:32,(anonymous_6)
FN:33,(anonymous_7)
FN:37,(anonymous_8)
FN:40,(anonymous_9)
FN:44,(anonymous_10)
FN:52,(anonymous_11)
FN:58,(anonymous_12)
FN:63,(anonymous_13)
FN:68,(anonymous_14)
FN:71,(anonymous_15)
FN:84,(anonymous_16)
FN:86,(anonymous_17)
FN:95,(anonymous_18)
FN:97,(anonymous_19)
FNF:20
FNH:20
FNDA:2,(anonymous_0)
FNDA:4,(anonymous_1)
FNDA:1,(anonymous_2)
FNDA:2,(anonymous_3)
FNDA:2,(anonymous_4)
FNDA:1,(anonymous_5)
FNDA:2,(anonymous_6)
FNDA:1,(anonymous_7)
FNDA:1,(anonymous_8)
FNDA:1,(anonymous_9)
FNDA:1,(anonymous_10)
FNDA:1,(anonymous_11)
FNDA:1,(anonymous_12)
FNDA:1,(anonymous_13)
FNDA:3,(anonymous_14)
FNDA:3,(anonymous_15)
FNDA:2,(anonymous_16)
FNDA:1,(anonymous_17)
FNDA:2,(anonymous_18)
FNDA:2,(anonymous_19)
DA:1,1
DA:2,1
DA:4,1
DA:6,2
DA:10,2
DA:13,2
DA:14,4
DA:15,1
DA:17,4
DA:20,2
DA:21,2
DA:22,2
DA:25,2
DA:26,2
DA:27,1
DA:29,2
DA:32,2
DA:33,2
DA:34,1
DA:37,1
DA:40,2
DA:41,1
DA:42,1
DA:43,1
DA:44,1
DA:45,1
DA:46,1
DA:47,1
DA:49,1
DA:50,1
DA:52,2
DA:53,1
DA:54,1
DA:55,1
DA:56,1
DA:58,2
DA:59,1
DA:60,1
DA:61,1
DA:63,2
DA:64,1
DA:65,1
DA:66,1
DA:68,2
DA:69,3
DA:70,3
DA:71,2
DA:72,3
DA:73,3
DA:74,0
DA:75,0
DA:76,0
DA:77,0
DA:81,2
DA:84,2
DA:85,2
DA:86,2
DA:87,1
DA:88,1
DA:89,1
DA:90,1
DA:92,2
DA:93,2
DA:94,2
DA:95,2
DA:96,2
DA:97,2
DA:98,2
DA:99,2
DA:100,1
DA:101,1
DA:102,1
DA:104,1
DA:106,2
DA:110,2
LF:75
LH:71
BRDA:64,0,0,0
BRDA:64,0,1,1
BRDA:68,1,0,1
BRDA:70,2,0,1
BRDA:70,2,1,2
BRDA:73,3,0,0
BRDA:73,3,1,3
BRDA:98,4,0,0
BRDA:98,4,1,2
BRDA:99,5,0,1
BRDA:99,5,1,1
BRF:11
BRH:8
end_of_record
TN:
SF:/Users/Aidan/quantum-entanglement/server/server.js
FN:4,createServer
FN:5,(anonymous_1)
FN:7,(anonymous_2)
FN:23,(anonymous_3)
FN:26,(anonymous_4)
FN:34,(anonymous_5)
FN:37,(anonymous_6)
FN:40,(anonymous_7)
FN:44,(anonymous_8)
FN:49,(anonymous_9)
FN:57,(anonymous_10)
FNF:11
FNH:11
FNDA:1,createServer
FNDA:2,(anonymous_1)
FNDA:2,(anonymous_2)
FNDA:2,(anonymous_3)
FNDA:1,(anonymous_4)
FNDA:1,(anonymous_5)
FNDA:1,(anonymous_6)
FNDA:1,(anonymous_7)
FNDA:2,(anonymous_8)
FNDA:3,(anonymous_9)
FNDA:1,(anonymous_10)
DA:2,1
DA:5,1
DA:7,2
DA:8,2
DA:9,2
DA:10,2
DA:11,2
DA:12,1
DA:13,1
DA:15,1
DA:16,1
DA:17,1
DA:18,1
DA:19,1
DA:21,1
DA:23,2
DA:24,2
DA:26,2
DA:28,1
DA:29,1
DA:30,1
DA:31,1
DA:32,1
DA:34,2
DA:35,1
DA:37,2
DA:38,1
DA:40,2
DA:41,1
DA:42,1
DA:44,2
DA:45,2
DA:46,2
DA:49,3
DA:50,2
DA:51,2
DA:52,1
DA:53,1
DA:57,2
DA:59,1
DA:62,1
DA:65,1
LF:42
LH:42
BRDA:11,0,0,1
BRDA:11,0,1,1
BRDA:45,1,0,2
BRDA:45,1,1,0
BRDA:49,2,0,2
BRDA:49,2,1,1
BRDA:51,3,0,1
BRDA:51,3,1,1
BRDA:52,4,0,0
BRDA:52,4,1,1
BRF:10
BRH:8
end_of_record
